<?xml version="1.0" encoding="UTF-8"?>
<testsuite name="org.example.web.ProfileControllerTest" tests="1" skipped="0" failures="0" errors="0" timestamp="2021-02-28T12:26:45" hostname="seoseunghun-ui-MacBookPro.local" time="0.34">
  <properties/>
  <testcase name="profileTest()" classname="org.example.web.ProfileControllerTest" time="0.34"/>
  <system-out><![CDATA[21:26:40.124 [Test worker] DEBUG org.springframework.test.context.BootstrapUtils - Instantiating CacheAwareContextLoaderDelegate from class [org.springframework.test.context.cache.DefaultCacheAwareContextLoaderDelegate]
21:26:40.138 [Test worker] DEBUG org.springframework.test.context.BootstrapUtils - Instantiating BootstrapContext using constructor [public org.springframework.test.context.support.DefaultBootstrapContext(java.lang.Class,org.springframework.test.context.CacheAwareContextLoaderDelegate)]
21:26:40.171 [Test worker] DEBUG org.springframework.test.context.BootstrapUtils - Instantiating TestContextBootstrapper for test class [org.example.web.ProfileControllerTest] from class [org.springframework.boot.test.context.SpringBootTestContextBootstrapper]
21:26:40.181 [Test worker] INFO org.springframework.boot.test.context.SpringBootTestContextBootstrapper - Neither @ContextConfiguration nor @ContextHierarchy found for test class [org.example.web.ProfileControllerTest], using SpringBootContextLoader
21:26:40.184 [Test worker] DEBUG org.springframework.test.context.support.AbstractContextLoader - Did not detect default resource location for test class [org.example.web.ProfileControllerTest]: class path resource [org/example/web/ProfileControllerTest-context.xml] does not exist
21:26:40.185 [Test worker] DEBUG org.springframework.test.context.support.AbstractContextLoader - Did not detect default resource location for test class [org.example.web.ProfileControllerTest]: class path resource [org/example/web/ProfileControllerTestContext.groovy] does not exist
21:26:40.185 [Test worker] INFO org.springframework.test.context.support.AbstractContextLoader - Could not detect default resource locations for test class [org.example.web.ProfileControllerTest]: no resource found for suffixes {-context.xml, Context.groovy}.
21:26:40.186 [Test worker] INFO org.springframework.test.context.support.AnnotationConfigContextLoaderUtils - Could not detect default configuration classes for test class [org.example.web.ProfileControllerTest]: ProfileControllerTest does not declare any static, non-private, non-final, nested classes annotated with @Configuration.
21:26:40.223 [Test worker] DEBUG org.springframework.test.context.support.ActiveProfilesUtils - Could not find an 'annotation declaring class' for annotation type [org.springframework.test.context.ActiveProfiles] and class [org.example.web.ProfileControllerTest]
21:26:40.310 [Test worker] DEBUG org.springframework.context.annotation.ClassPathScanningCandidateComponentProvider - Identified candidate component class: file [/Users/seo/IdeaProjects/freelec-springboot2-webservice/build/classes/java/main/org/example/Application.class]
21:26:40.310 [Test worker] INFO org.springframework.boot.test.context.SpringBootTestContextBootstrapper - Found @SpringBootConfiguration org.example.Application for test class org.example.web.ProfileControllerTest
21:26:40.404 [Test worker] DEBUG org.springframework.boot.test.context.SpringBootTestContextBootstrapper - @TestExecutionListeners is not present for class [org.example.web.ProfileControllerTest]: using defaults.
21:26:40.405 [Test worker] INFO org.springframework.boot.test.context.SpringBootTestContextBootstrapper - Loaded default TestExecutionListener class names from location [META-INF/spring.factories]: [org.springframework.security.test.context.support.WithSecurityContextTestExecutionListener, org.springframework.security.test.context.support.ReactorContextTestExecutionListener, org.springframework.boot.test.autoconfigure.restdocs.RestDocsTestExecutionListener, org.springframework.boot.test.autoconfigure.web.client.MockRestServiceServerResetTestExecutionListener, org.springframework.boot.test.autoconfigure.web.servlet.MockMvcPrintOnlyOnFailureTestExecutionListener, org.springframework.boot.test.autoconfigure.web.servlet.WebDriverTestExecutionListener, org.springframework.boot.test.autoconfigure.webservices.client.MockWebServiceServerTestExecutionListener, org.springframework.boot.test.mock.mockito.MockitoTestExecutionListener, org.springframework.boot.test.mock.mockito.ResetMocksTestExecutionListener, org.springframework.test.context.web.ServletTestExecutionListener, org.springframework.test.context.support.DirtiesContextBeforeModesTestExecutionListener, org.springframework.test.context.event.ApplicationEventsTestExecutionListener, org.springframework.test.context.support.DependencyInjectionTestExecutionListener, org.springframework.test.context.support.DirtiesContextTestExecutionListener, org.springframework.test.context.transaction.TransactionalTestExecutionListener, org.springframework.test.context.jdbc.SqlScriptsTestExecutionListener, org.springframework.test.context.event.EventPublishingTestExecutionListener]
21:26:40.422 [Test worker] INFO org.springframework.boot.test.context.SpringBootTestContextBootstrapper - Using TestExecutionListeners: [org.springframework.test.context.web.ServletTestExecutionListener@56357249, org.springframework.test.context.support.DirtiesContextBeforeModesTestExecutionListener@7310e63, org.springframework.test.context.event.ApplicationEventsTestExecutionListener@1e4c826a, org.springframework.boot.test.mock.mockito.MockitoTestExecutionListener@55ba83dd, org.springframework.boot.test.autoconfigure.SpringBootDependencyInjectionTestExecutionListener@28601419, org.springframework.test.context.support.DirtiesContextTestExecutionListener@27ad4560, org.springframework.test.context.transaction.TransactionalTestExecutionListener@5d08dc2d, org.springframework.test.context.jdbc.SqlScriptsTestExecutionListener@5c2d183a, org.springframework.security.test.context.support.WithSecurityContextTestExecutionListener@74c51f7a, org.springframework.test.context.event.EventPublishingTestExecutionListener@398ec2c7, org.springframework.security.test.context.support.ReactorContextTestExecutionListener@227c986f, org.springframework.boot.test.autoconfigure.restdocs.RestDocsTestExecutionListener@1624b8d2, org.springframework.boot.test.autoconfigure.web.client.MockRestServiceServerResetTestExecutionListener@4ac65ba3, org.springframework.boot.test.autoconfigure.web.servlet.MockMvcPrintOnlyOnFailureTestExecutionListener@51130c6, org.springframework.boot.test.autoconfigure.web.servlet.WebDriverTestExecutionListener@43686feb, org.springframework.boot.test.autoconfigure.webservices.client.MockWebServiceServerTestExecutionListener@7039bd7c, org.springframework.boot.test.mock.mockito.ResetMocksTestExecutionListener@85aeb9b]
21:26:40.425 [Test worker] DEBUG org.springframework.test.context.support.AbstractDirtiesContextTestExecutionListener - Before test class: context [DefaultTestContext@48ba9054 testClass = ProfileControllerTest, testInstance = [null], testMethod = [null], testException = [null], mergedContextConfiguration = [WebMergedContextConfiguration@6dc8ac8 testClass = ProfileControllerTest, locations = '{}', classes = '{class org.example.Application}', contextInitializerClasses = '[]', activeProfiles = '{}', propertySourceLocations = '{}', propertySourceProperties = '{org.springframework.boot.test.context.SpringBootTestContextBootstrapper=true, server.port=0}', contextCustomizers = set[org.springframework.boot.test.autoconfigure.actuate.metrics.MetricsExportContextCustomizerFactory$DisableMetricExportContextCustomizer@bde4916, org.springframework.boot.test.autoconfigure.properties.PropertyMappingContextCustomizer@0, org.springframework.boot.test.autoconfigure.web.servlet.WebDriverContextCustomizerFactory$Customizer@618ba9f2, org.springframework.boot.test.context.filter.ExcludeFilterContextCustomizer@7190d851, org.springframework.boot.test.json.DuplicateJsonObjectContextCustomizerFactory$DuplicateJsonObjectContextCustomizer@30d73b2d, org.springframework.boot.test.mock.mockito.MockitoContextCustomizer@0, org.springframework.boot.test.web.client.TestRestTemplateContextCustomizer@5b267c4f, org.springframework.boot.test.context.SpringBootTestArgs@1, org.springframework.boot.test.context.SpringBootTestWebEnvironment@1dea7c25], resourceBasePath = 'src/main/webapp', contextLoader = 'org.springframework.boot.test.context.SpringBootContextLoader', parent = [null]], attributes = map['org.springframework.test.context.web.ServletTestExecutionListener.activateListener' -> false]], class annotated with @DirtiesContext [false] with mode [null].
21:26:40.435 [Test worker] DEBUG org.springframework.test.context.support.DependencyInjectionTestExecutionListener - Performing dependency injection for test context [[DefaultTestContext@48ba9054 testClass = ProfileControllerTest, testInstance = org.example.web.ProfileControllerTest@410329d2, testMethod = [null], testException = [null], mergedContextConfiguration = [WebMergedContextConfiguration@6dc8ac8 testClass = ProfileControllerTest, locations = '{}', classes = '{class org.example.Application}', contextInitializerClasses = '[]', activeProfiles = '{}', propertySourceLocations = '{}', propertySourceProperties = '{org.springframework.boot.test.context.SpringBootTestContextBootstrapper=true, server.port=0}', contextCustomizers = set[org.springframework.boot.test.autoconfigure.actuate.metrics.MetricsExportContextCustomizerFactory$DisableMetricExportContextCustomizer@bde4916, org.springframework.boot.test.autoconfigure.properties.PropertyMappingContextCustomizer@0, org.springframework.boot.test.autoconfigure.web.servlet.WebDriverContextCustomizerFactory$Customizer@618ba9f2, org.springframework.boot.test.context.filter.ExcludeFilterContextCustomizer@7190d851, org.springframework.boot.test.json.DuplicateJsonObjectContextCustomizerFactory$DuplicateJsonObjectContextCustomizer@30d73b2d, org.springframework.boot.test.mock.mockito.MockitoContextCustomizer@0, org.springframework.boot.test.web.client.TestRestTemplateContextCustomizer@5b267c4f, org.springframework.boot.test.context.SpringBootTestArgs@1, org.springframework.boot.test.context.SpringBootTestWebEnvironment@1dea7c25], resourceBasePath = 'src/main/webapp', contextLoader = 'org.springframework.boot.test.context.SpringBootContextLoader', parent = [null]], attributes = map['org.springframework.test.context.web.ServletTestExecutionListener.activateListener' -> false, 'org.springframework.test.context.event.ApplicationEventsTestExecutionListener.recordApplicationEvents' -> false]]].
21:26:40.458 [Test worker] DEBUG org.springframework.test.context.support.TestPropertySourceUtils - Adding inlined properties to environment: {spring.jmx.enabled=false, org.springframework.boot.test.context.SpringBootTestContextBootstrapper=true, server.port=0}

  .   ____          _            __ _ _
 /\\ / ___'_ __ _ _(_)_ __  __ _ \ \ \ \
( ( )\___ | '_ | '_| | '_ \/ _` | \ \ \ \
 \\/  ___)| |_)| | | | | || (_| |  ) ) ) )
  '  |____| .__|_| |_|_| |_\__, | / / / /
 =========|_|==============|___/=/_/_/_/
 :: Spring Boot ::                (v2.4.2)

2021-02-28 21:26:41.161  INFO 58465 --- [    Test worker] org.example.web.ProfileControllerTest    : Starting ProfileControllerTest using Java 11.0.10 on seoseunghun-ui-MacBookPro.local with PID 58465 (started by seo in /Users/seo/IdeaProjects/freelec-springboot2-webservice)
2021-02-28 21:26:41.163  INFO 58465 --- [    Test worker] org.example.web.ProfileControllerTest    : No active profile set, falling back to default profiles: default
2021-02-28 21:26:41.829  INFO 58465 --- [    Test worker] .s.d.r.c.RepositoryConfigurationDelegate : Bootstrapping Spring Data JPA repositories in DEFAULT mode.
2021-02-28 21:26:41.878  INFO 58465 --- [    Test worker] .s.d.r.c.RepositoryConfigurationDelegate : Finished Spring Data repository scanning in 43 ms. Found 2 JPA repository interfaces.
2021-02-28 21:26:42.591  INFO 58465 --- [    Test worker] o.s.b.w.embedded.tomcat.TomcatWebServer  : Tomcat initialized with port(s): 0 (http)
2021-02-28 21:26:42.604  INFO 58465 --- [    Test worker] o.apache.catalina.core.StandardService   : Starting service [Tomcat]
2021-02-28 21:26:42.604  INFO 58465 --- [    Test worker] org.apache.catalina.core.StandardEngine  : Starting Servlet engine: [Apache Tomcat/9.0.41]
2021-02-28 21:26:42.716  INFO 58465 --- [    Test worker] o.a.c.c.C.[Tomcat].[localhost].[/]       : Initializing Spring embedded WebApplicationContext
2021-02-28 21:26:42.717  INFO 58465 --- [    Test worker] w.s.c.ServletWebServerApplicationContext : Root WebApplicationContext: initialization completed in 1536 ms
2021-02-28 21:26:42.788  INFO 58465 --- [    Test worker] com.zaxxer.hikari.HikariDataSource       : HikariPool-1 - Starting...
2021-02-28 21:26:42.949  INFO 58465 --- [    Test worker] com.zaxxer.hikari.HikariDataSource       : HikariPool-1 - Start completed.
2021-02-28 21:26:42.957  INFO 58465 --- [    Test worker] o.s.b.a.h2.H2ConsoleAutoConfiguration    : H2 console available at '/h2-console'. Database available at 'jdbc:h2:mem://localhost/~/testdb'
2021-02-28 21:26:43.240  INFO 58465 --- [    Test worker] o.hibernate.jpa.internal.util.LogHelper  : HHH000204: Processing PersistenceUnitInfo [name: default]
2021-02-28 21:26:43.290  INFO 58465 --- [    Test worker] org.hibernate.Version                    : HHH000412: Hibernate ORM core version 5.4.27.Final
2021-02-28 21:26:43.442  INFO 58465 --- [    Test worker] o.hibernate.annotations.common.Version   : HCANN000001: Hibernate Commons Annotations {5.1.2.Final}
2021-02-28 21:26:43.555  INFO 58465 --- [    Test worker] org.hibernate.dialect.Dialect            : HHH000400: Using dialect: org.hibernate.dialect.MySQL5InnoDBDialect
Hibernate: drop table if exists posts
Hibernate: drop table if exists user
Hibernate: create table posts (id bigint not null auto_increment, created_date datetime, modified_date datetime, author varchar(255), content TEXT not null, title varchar(500) not null, primary key (id)) engine=InnoDB
Hibernate: create table user (id bigint not null auto_increment, created_date datetime, modified_date datetime, email varchar(255) not null, name varchar(255) not null, picture varchar(255), role varchar(255) not null, primary key (id)) engine=InnoDB
2021-02-28 21:26:44.215  INFO 58465 --- [    Test worker] o.h.e.t.j.p.i.JtaPlatformInitiator       : HHH000490: Using JtaPlatform implementation: [org.hibernate.engine.transaction.jta.platform.internal.NoJtaPlatform]
2021-02-28 21:26:44.223  INFO 58465 --- [    Test worker] j.LocalContainerEntityManagerFactoryBean : Initialized JPA EntityManagerFactory for persistence unit 'default'
2021-02-28 21:26:44.813  WARN 58465 --- [    Test worker] JpaBaseConfiguration$JpaWebConfiguration : spring.jpa.open-in-view is enabled by default. Therefore, database queries may be performed during view rendering. Explicitly configure spring.jpa.open-in-view to disable this warning
2021-02-28 21:26:45.289  INFO 58465 --- [    Test worker] o.s.s.web.DefaultSecurityFilterChain     : Will secure any request with [org.springframework.security.web.context.request.async.WebAsyncManagerIntegrationFilter@76d3bf50, org.springframework.security.web.context.SecurityContextPersistenceFilter@2df77c0b, org.springframework.security.web.header.HeaderWriterFilter@455ef699, org.springframework.security.web.authentication.logout.LogoutFilter@e895307, org.springframework.security.oauth2.client.web.OAuth2AuthorizationRequestRedirectFilter@51ccba8f, org.springframework.security.oauth2.client.web.OAuth2LoginAuthenticationFilter@7e74aa90, org.springframework.security.web.authentication.ui.DefaultLoginPageGeneratingFilter@700200db, org.springframework.security.web.authentication.ui.DefaultLogoutPageGeneratingFilter@16d2ef5e, org.springframework.security.web.savedrequest.RequestCacheAwareFilter@6fd59508, org.springframework.security.web.servletapi.SecurityContextHolderAwareRequestFilter@187f2df3, org.springframework.security.web.authentication.AnonymousAuthenticationFilter@7f4f1c23, org.springframework.security.web.session.SessionManagementFilter@5b5f55c9, org.springframework.security.web.access.ExceptionTranslationFilter@6dda2827, org.springframework.security.web.access.intercept.FilterSecurityInterceptor@23009af]
2021-02-28 21:26:45.562  INFO 58465 --- [    Test worker] o.s.s.concurrent.ThreadPoolTaskExecutor  : Initializing ExecutorService 'applicationTaskExecutor'
2021-02-28 21:26:45.668  INFO 58465 --- [    Test worker] o.s.b.a.w.s.WelcomePageHandlerMapping    : Adding welcome page template: index
2021-02-28 21:26:45.948  INFO 58465 --- [    Test worker] o.s.b.w.embedded.tomcat.TomcatWebServer  : Tomcat started on port(s): 61197 (http) with context path ''
2021-02-28 21:26:45.966  INFO 58465 --- [    Test worker] s.a.ScheduledAnnotationBeanPostProcessor : No TaskScheduler/ScheduledExecutorService bean found for scheduled processing
2021-02-28 21:26:45.978  INFO 58465 --- [    Test worker] org.example.web.ProfileControllerTest    : Started ProfileControllerTest in 5.517 seconds (JVM running for 6.521)
2021-02-28 21:26:46.198  INFO 58465 --- [o-auto-1-exec-1] o.a.c.c.C.[Tomcat].[localhost].[/]       : Initializing Spring DispatcherServlet 'dispatcherServlet'
2021-02-28 21:26:46.199  INFO 58465 --- [o-auto-1-exec-1] o.s.web.servlet.DispatcherServlet        : Initializing Servlet 'dispatcherServlet'
2021-02-28 21:26:46.200  INFO 58465 --- [o-auto-1-exec-1] o.s.web.servlet.DispatcherServlet        : Completed initialization in 1 ms
]]></system-out>
  <system-err><![CDATA[]]></system-err>
</testsuite>
