<?xml version="1.0" encoding="UTF-8"?>
<testsuite name="org.example.web.dto.HelloResponseDtoTest" tests="1" skipped="0" failures="0" errors="0" timestamp="2021-02-28T08:15:45" hostname="seoseunghun-ui-MacBookPro.local" time="0.008">
  <properties/>
  <testcase name="lombokTest()" classname="org.example.web.dto.HelloResponseDtoTest" time="0.008"/>
  <system-out><![CDATA[]]></system-out>
  <system-err><![CDATA[]]></system-err>
</testsuite>
