<?xml version="1.0" encoding="UTF-8"?>
<testsuite name="org.example.web.HelloControllerTest" tests="2" skipped="0" failures="0" errors="0" timestamp="2021-02-27T07:23:27" hostname="seoseunghun-ui-MacBookPro.local" time="0.148">
  <properties/>
  <testcase name="helloTest()" classname="org.example.web.HelloControllerTest" time="0.063"/>
  <testcase name="helloDtoTest()" classname="org.example.web.HelloControllerTest" time="0.084"/>
  <system-out><![CDATA[2021-02-27 16:23:27.253  INFO 48120 --- [    Test worker] .b.t.a.w.s.WebMvcTestContextBootstrapper : Neither @ContextConfiguration nor @ContextHierarchy found for test class [org.example.web.HelloControllerTest], using SpringBootContextLoader
2021-02-27 16:23:27.254  INFO 48120 --- [    Test worker] o.s.t.c.support.AbstractContextLoader    : Could not detect default resource locations for test class [org.example.web.HelloControllerTest]: no resource found for suffixes {-context.xml, Context.groovy}.
2021-02-27 16:23:27.254  INFO 48120 --- [    Test worker] t.c.s.AnnotationConfigContextLoaderUtils : Could not detect default configuration classes for test class [org.example.web.HelloControllerTest]: HelloControllerTest does not declare any static, non-private, non-final, nested classes annotated with @Configuration.
2021-02-27 16:23:27.272  INFO 48120 --- [    Test worker] .b.t.c.SpringBootTestContextBootstrapper : Found @SpringBootConfiguration org.example.Application for test class org.example.web.HelloControllerTest
2021-02-27 16:23:27.273  INFO 48120 --- [    Test worker] .b.t.a.w.s.WebMvcTestContextBootstrapper : Loaded default TestExecutionListener class names from location [META-INF/spring.factories]: [org.springframework.security.test.context.support.WithSecurityContextTestExecutionListener, org.springframework.security.test.context.support.ReactorContextTestExecutionListener, org.springframework.boot.test.autoconfigure.restdocs.RestDocsTestExecutionListener, org.springframework.boot.test.autoconfigure.web.client.MockRestServiceServerResetTestExecutionListener, org.springframework.boot.test.autoconfigure.web.servlet.MockMvcPrintOnlyOnFailureTestExecutionListener, org.springframework.boot.test.autoconfigure.web.servlet.WebDriverTestExecutionListener, org.springframework.boot.test.autoconfigure.webservices.client.MockWebServiceServerTestExecutionListener, org.springframework.boot.test.mock.mockito.MockitoTestExecutionListener, org.springframework.boot.test.mock.mockito.ResetMocksTestExecutionListener, org.springframework.test.context.web.ServletTestExecutionListener, org.springframework.test.context.support.DirtiesContextBeforeModesTestExecutionListener, org.springframework.test.context.event.ApplicationEventsTestExecutionListener, org.springframework.test.context.support.DependencyInjectionTestExecutionListener, org.springframework.test.context.support.DirtiesContextTestExecutionListener, org.springframework.test.context.transaction.TransactionalTestExecutionListener, org.springframework.test.context.jdbc.SqlScriptsTestExecutionListener, org.springframework.test.context.event.EventPublishingTestExecutionListener]
2021-02-27 16:23:27.274  INFO 48120 --- [    Test worker] .b.t.a.w.s.WebMvcTestContextBootstrapper : Using TestExecutionListeners: [org.springframework.test.context.web.ServletTestExecutionListener@62ac04f4, org.springframework.test.context.support.DirtiesContextBeforeModesTestExecutionListener@782173e1, org.springframework.test.context.event.ApplicationEventsTestExecutionListener@7ef21b94, org.springframework.boot.test.mock.mockito.MockitoTestExecutionListener@5d6c6fba, org.springframework.boot.test.autoconfigure.SpringBootDependencyInjectionTestExecutionListener@5f655b47, org.springframework.test.context.support.DirtiesContextTestExecutionListener@2c289531, org.springframework.test.context.transaction.TransactionalTestExecutionListener@42e8159b, org.springframework.test.context.jdbc.SqlScriptsTestExecutionListener@7c47b3c3, org.springframework.security.test.context.support.WithSecurityContextTestExecutionListener@98d706f, org.springframework.test.context.event.EventPublishingTestExecutionListener@61e4fd72, org.springframework.security.test.context.support.ReactorContextTestExecutionListener@63a27818, org.springframework.boot.test.autoconfigure.restdocs.RestDocsTestExecutionListener@22ba0604, org.springframework.boot.test.autoconfigure.web.client.MockRestServiceServerResetTestExecutionListener@40561434, org.springframework.boot.test.autoconfigure.web.servlet.MockMvcPrintOnlyOnFailureTestExecutionListener@61f7e21, org.springframework.boot.test.autoconfigure.web.servlet.WebDriverTestExecutionListener@760da442, org.springframework.boot.test.autoconfigure.webservices.client.MockWebServiceServerTestExecutionListener@4f506a1, org.springframework.boot.test.mock.mockito.ResetMocksTestExecutionListener@74f245bf]

  .   ____          _            __ _ _
 /\\ / ___'_ __ _ _(_)_ __  __ _ \ \ \ \
( ( )\___ | '_ | '_| | '_ \/ _` | \ \ \ \
 \\/  ___)| |_)| | | | | || (_| |  ) ) ) )
  '  |____| .__|_| |_|_| |_\__, | / / / /
 =========|_|==============|___/=/_/_/_/
 :: Spring Boot ::                (v2.4.2)

2021-02-27 16:23:27.296  INFO 48120 --- [    Test worker] org.example.web.HelloControllerTest      : Starting HelloControllerTest using Java 11.0.10 on seoseunghun-ui-MacBookPro.local with PID 48120 (started by seo in /Users/seo/IdeaProjects/freelec-springboot2-webservice)
2021-02-27 16:23:27.297  INFO 48120 --- [    Test worker] org.example.web.HelloControllerTest      : No active profile set, falling back to default profiles: default
2021-02-27 16:23:27.579  INFO 48120 --- [    Test worker] o.s.s.concurrent.ThreadPoolTaskExecutor  : Initializing ExecutorService 'applicationTaskExecutor'
2021-02-27 16:23:27.602  INFO 48120 --- [    Test worker] o.s.b.a.w.s.WelcomePageHandlerMapping    : Adding welcome page template: index
2021-02-27 16:23:27.783  INFO 48120 --- [    Test worker] o.s.s.web.DefaultSecurityFilterChain     : Will secure any request with [org.springframework.security.web.context.request.async.WebAsyncManagerIntegrationFilter@753a322c, org.springframework.security.web.context.SecurityContextPersistenceFilter@20786d9d, org.springframework.security.web.header.HeaderWriterFilter@496d324f, org.springframework.security.web.csrf.CsrfFilter@162215d3, org.springframework.security.web.authentication.logout.LogoutFilter@85411a5, org.springframework.security.oauth2.client.web.OAuth2AuthorizationRequestRedirectFilter@3d3618c3, org.springframework.security.oauth2.client.web.OAuth2AuthorizationRequestRedirectFilter@1ac64dc4, org.springframework.security.oauth2.client.web.OAuth2LoginAuthenticationFilter@bdb059d, org.springframework.security.web.authentication.ui.DefaultLoginPageGeneratingFilter@2e1100f1, org.springframework.security.web.authentication.ui.DefaultLogoutPageGeneratingFilter@3dd95306, org.springframework.security.web.savedrequest.RequestCacheAwareFilter@56be0bbd, org.springframework.security.web.servletapi.SecurityContextHolderAwareRequestFilter@76e1b46f, org.springframework.security.web.authentication.AnonymousAuthenticationFilter@69abe9f, org.springframework.security.oauth2.client.web.OAuth2AuthorizationCodeGrantFilter@5fe94974, org.springframework.security.web.session.SessionManagementFilter@429be882, org.springframework.security.web.access.ExceptionTranslationFilter@4f673afd, org.springframework.security.web.access.intercept.FilterSecurityInterceptor@2c53e2d2]
2021-02-27 16:23:27.833  INFO 48120 --- [    Test worker] o.s.b.t.m.w.SpringBootMockServletContext : Initializing Spring TestDispatcherServlet ''
2021-02-27 16:23:27.833  INFO 48120 --- [    Test worker] o.s.t.web.servlet.TestDispatcherServlet  : Initializing Servlet ''
2021-02-27 16:23:27.834  INFO 48120 --- [    Test worker] o.s.t.web.servlet.TestDispatcherServlet  : Completed initialization in 1 ms
2021-02-27 16:23:27.845  INFO 48120 --- [    Test worker] org.example.web.HelloControllerTest      : Started HelloControllerTest in 0.568 seconds (JVM running for 7.016)
]]></system-out>
  <system-err><![CDATA[]]></system-err>
</testsuite>
