<?xml version="1.0" encoding="UTF-8"?>
<testsuite name="org.example.web.dto.PostsRepositoryTest" tests="2" skipped="0" failures="0" errors="0" timestamp="2021-02-27T07:23:26" hostname="seoseunghun-ui-MacBookPro.local" time="0.324">
  <properties/>
  <testcase name="setBaseTimeEntity()" classname="org.example.web.dto.PostsRepositoryTest" time="0.31"/>
  <testcase name="getPosts()" classname="org.example.web.dto.PostsRepositoryTest" time="0.013"/>
  <system-out><![CDATA[16:23:21.696 [Test worker] DEBUG org.springframework.test.context.BootstrapUtils - Instantiating CacheAwareContextLoaderDelegate from class [org.springframework.test.context.cache.DefaultCacheAwareContextLoaderDelegate]
16:23:21.710 [Test worker] DEBUG org.springframework.test.context.BootstrapUtils - Instantiating BootstrapContext using constructor [public org.springframework.test.context.support.DefaultBootstrapContext(java.lang.Class,org.springframework.test.context.CacheAwareContextLoaderDelegate)]
16:23:21.746 [Test worker] DEBUG org.springframework.test.context.BootstrapUtils - Instantiating TestContextBootstrapper for test class [org.example.web.dto.PostsRepositoryTest] from class [org.springframework.boot.test.context.SpringBootTestContextBootstrapper]
16:23:21.761 [Test worker] INFO org.springframework.boot.test.context.SpringBootTestContextBootstrapper - Neither @ContextConfiguration nor @ContextHierarchy found for test class [org.example.web.dto.PostsRepositoryTest], using SpringBootContextLoader
16:23:21.765 [Test worker] DEBUG org.springframework.test.context.support.AbstractContextLoader - Did not detect default resource location for test class [org.example.web.dto.PostsRepositoryTest]: class path resource [org/example/web/dto/PostsRepositoryTest-context.xml] does not exist
16:23:21.766 [Test worker] DEBUG org.springframework.test.context.support.AbstractContextLoader - Did not detect default resource location for test class [org.example.web.dto.PostsRepositoryTest]: class path resource [org/example/web/dto/PostsRepositoryTestContext.groovy] does not exist
16:23:21.766 [Test worker] INFO org.springframework.test.context.support.AbstractContextLoader - Could not detect default resource locations for test class [org.example.web.dto.PostsRepositoryTest]: no resource found for suffixes {-context.xml, Context.groovy}.
16:23:21.768 [Test worker] INFO org.springframework.test.context.support.AnnotationConfigContextLoaderUtils - Could not detect default configuration classes for test class [org.example.web.dto.PostsRepositoryTest]: PostsRepositoryTest does not declare any static, non-private, non-final, nested classes annotated with @Configuration.
16:23:21.815 [Test worker] DEBUG org.springframework.test.context.support.ActiveProfilesUtils - Could not find an 'annotation declaring class' for annotation type [org.springframework.test.context.ActiveProfiles] and class [org.example.web.dto.PostsRepositoryTest]
16:23:21.885 [Test worker] DEBUG org.springframework.context.annotation.ClassPathScanningCandidateComponentProvider - Identified candidate component class: file [/Users/seo/IdeaProjects/freelec-springboot2-webservice/build/classes/java/main/org/example/Application.class]
16:23:21.887 [Test worker] INFO org.springframework.boot.test.context.SpringBootTestContextBootstrapper - Found @SpringBootConfiguration org.example.Application for test class org.example.web.dto.PostsRepositoryTest
16:23:21.990 [Test worker] DEBUG org.springframework.boot.test.context.SpringBootTestContextBootstrapper - @TestExecutionListeners is not present for class [org.example.web.dto.PostsRepositoryTest]: using defaults.
16:23:21.991 [Test worker] INFO org.springframework.boot.test.context.SpringBootTestContextBootstrapper - Loaded default TestExecutionListener class names from location [META-INF/spring.factories]: [org.springframework.security.test.context.support.WithSecurityContextTestExecutionListener, org.springframework.security.test.context.support.ReactorContextTestExecutionListener, org.springframework.boot.test.autoconfigure.restdocs.RestDocsTestExecutionListener, org.springframework.boot.test.autoconfigure.web.client.MockRestServiceServerResetTestExecutionListener, org.springframework.boot.test.autoconfigure.web.servlet.MockMvcPrintOnlyOnFailureTestExecutionListener, org.springframework.boot.test.autoconfigure.web.servlet.WebDriverTestExecutionListener, org.springframework.boot.test.autoconfigure.webservices.client.MockWebServiceServerTestExecutionListener, org.springframework.boot.test.mock.mockito.MockitoTestExecutionListener, org.springframework.boot.test.mock.mockito.ResetMocksTestExecutionListener, org.springframework.test.context.web.ServletTestExecutionListener, org.springframework.test.context.support.DirtiesContextBeforeModesTestExecutionListener, org.springframework.test.context.event.ApplicationEventsTestExecutionListener, org.springframework.test.context.support.DependencyInjectionTestExecutionListener, org.springframework.test.context.support.DirtiesContextTestExecutionListener, org.springframework.test.context.transaction.TransactionalTestExecutionListener, org.springframework.test.context.jdbc.SqlScriptsTestExecutionListener, org.springframework.test.context.event.EventPublishingTestExecutionListener]
16:23:22.013 [Test worker] INFO org.springframework.boot.test.context.SpringBootTestContextBootstrapper - Using TestExecutionListeners: [org.springframework.test.context.web.ServletTestExecutionListener@6783087d, org.springframework.test.context.support.DirtiesContextBeforeModesTestExecutionListener@eef1c23, org.springframework.test.context.event.ApplicationEventsTestExecutionListener@6a409439, org.springframework.boot.test.mock.mockito.MockitoTestExecutionListener@6a542eb2, org.springframework.boot.test.autoconfigure.SpringBootDependencyInjectionTestExecutionListener@15eb1365, org.springframework.test.context.support.DirtiesContextTestExecutionListener@63930bff, org.springframework.test.context.transaction.TransactionalTestExecutionListener@d9caae8, org.springframework.test.context.jdbc.SqlScriptsTestExecutionListener@46f63457, org.springframework.security.test.context.support.WithSecurityContextTestExecutionListener@b4b77d7, org.springframework.test.context.event.EventPublishingTestExecutionListener@70fc59b2, org.springframework.security.test.context.support.ReactorContextTestExecutionListener@18df66af, org.springframework.boot.test.autoconfigure.restdocs.RestDocsTestExecutionListener@6f7cbd6f, org.springframework.boot.test.autoconfigure.web.client.MockRestServiceServerResetTestExecutionListener@3f599a98, org.springframework.boot.test.autoconfigure.web.servlet.MockMvcPrintOnlyOnFailureTestExecutionListener@2d7a6508, org.springframework.boot.test.autoconfigure.web.servlet.WebDriverTestExecutionListener@4e739416, org.springframework.boot.test.autoconfigure.webservices.client.MockWebServiceServerTestExecutionListener@44eedf72, org.springframework.boot.test.mock.mockito.ResetMocksTestExecutionListener@3790102d]
16:23:22.017 [Test worker] DEBUG org.springframework.test.context.support.AbstractDirtiesContextTestExecutionListener - Before test class: context [DefaultTestContext@63fee49b testClass = PostsRepositoryTest, testInstance = [null], testMethod = [null], testException = [null], mergedContextConfiguration = [WebMergedContextConfiguration@eb2d39b testClass = PostsRepositoryTest, locations = '{}', classes = '{class org.example.Application}', contextInitializerClasses = '[]', activeProfiles = '{}', propertySourceLocations = '{}', propertySourceProperties = '{org.springframework.boot.test.context.SpringBootTestContextBootstrapper=true}', contextCustomizers = set[org.springframework.boot.test.autoconfigure.actuate.metrics.MetricsExportContextCustomizerFactory$DisableMetricExportContextCustomizer@32d8b1f1, org.springframework.boot.test.autoconfigure.properties.PropertyMappingContextCustomizer@0, org.springframework.boot.test.autoconfigure.web.servlet.WebDriverContextCustomizerFactory$Customizer@1b7ce7eb, org.springframework.boot.test.context.filter.ExcludeFilterContextCustomizer@8cb93a5, org.springframework.boot.test.json.DuplicateJsonObjectContextCustomizerFactory$DuplicateJsonObjectContextCustomizer@6bf47beb, org.springframework.boot.test.mock.mockito.MockitoContextCustomizer@0, org.springframework.boot.test.web.client.TestRestTemplateContextCustomizer@64557e87, org.springframework.boot.test.context.SpringBootTestArgs@1, org.springframework.boot.test.context.SpringBootTestWebEnvironment@b2bf5c9], resourceBasePath = 'src/main/webapp', contextLoader = 'org.springframework.boot.test.context.SpringBootContextLoader', parent = [null]], attributes = map['org.springframework.test.context.web.ServletTestExecutionListener.activateListener' -> true]], class annotated with @DirtiesContext [false] with mode [null].
16:23:22.072 [Test worker] DEBUG org.springframework.test.context.support.TestPropertySourceUtils - Adding inlined properties to environment: {spring.jmx.enabled=false, org.springframework.boot.test.context.SpringBootTestContextBootstrapper=true}

  .   ____          _            __ _ _
 /\\ / ___'_ __ _ _(_)_ __  __ _ \ \ \ \
( ( )\___ | '_ | '_| | '_ \/ _` | \ \ \ \
 \\/  ___)| |_)| | | | | || (_| |  ) ) ) )
  '  |____| .__|_| |_|_| |_\__, | / / / /
 =========|_|==============|___/=/_/_/_/
 :: Spring Boot ::                (v2.4.2)

2021-02-27 16:23:22.507  INFO 48120 --- [    Test worker] org.example.web.dto.PostsRepositoryTest  : Starting PostsRepositoryTest using Java 11.0.10 on seoseunghun-ui-MacBookPro.local with PID 48120 (started by seo in /Users/seo/IdeaProjects/freelec-springboot2-webservice)
2021-02-27 16:23:22.509  INFO 48120 --- [    Test worker] org.example.web.dto.PostsRepositoryTest  : No active profile set, falling back to default profiles: default
2021-02-27 16:23:23.190  INFO 48120 --- [    Test worker] .s.d.r.c.RepositoryConfigurationDelegate : Bootstrapping Spring Data JPA repositories in DEFAULT mode.
2021-02-27 16:23:23.249  INFO 48120 --- [    Test worker] .s.d.r.c.RepositoryConfigurationDelegate : Finished Spring Data repository scanning in 52 ms. Found 2 JPA repository interfaces.
2021-02-27 16:23:23.845  INFO 48120 --- [    Test worker] com.zaxxer.hikari.HikariDataSource       : HikariPool-1 - Starting...
2021-02-27 16:23:24.053  INFO 48120 --- [    Test worker] com.zaxxer.hikari.HikariDataSource       : HikariPool-1 - Start completed.
2021-02-27 16:23:24.136  INFO 48120 --- [    Test worker] o.hibernate.jpa.internal.util.LogHelper  : HHH000204: Processing PersistenceUnitInfo [name: default]
2021-02-27 16:23:24.200  INFO 48120 --- [    Test worker] org.hibernate.Version                    : HHH000412: Hibernate ORM core version 5.4.27.Final
2021-02-27 16:23:24.382  INFO 48120 --- [    Test worker] o.hibernate.annotations.common.Version   : HCANN000001: Hibernate Commons Annotations {5.1.2.Final}
2021-02-27 16:23:24.503  INFO 48120 --- [    Test worker] org.hibernate.dialect.Dialect            : HHH000400: Using dialect: org.hibernate.dialect.MySQL5InnoDBDialect
Hibernate: drop table if exists posts
Hibernate: drop table if exists user
Hibernate: create table posts (id bigint not null auto_increment, created_date datetime, modified_date datetime, author varchar(255), content TEXT not null, title varchar(500) not null, primary key (id)) engine=InnoDB
Hibernate: create table user (id bigint not null auto_increment, created_date datetime, modified_date datetime, email varchar(255) not null, name varchar(255) not null, picture varchar(255), role varchar(255) not null, primary key (id)) engine=InnoDB
2021-02-27 16:23:25.216  INFO 48120 --- [    Test worker] o.h.e.t.j.p.i.JtaPlatformInitiator       : HHH000490: Using JtaPlatform implementation: [org.hibernate.engine.transaction.jta.platform.internal.NoJtaPlatform]
2021-02-27 16:23:25.226  INFO 48120 --- [    Test worker] j.LocalContainerEntityManagerFactoryBean : Initialized JPA EntityManagerFactory for persistence unit 'default'
2021-02-27 16:23:25.671  WARN 48120 --- [    Test worker] JpaBaseConfiguration$JpaWebConfiguration : spring.jpa.open-in-view is enabled by default. Therefore, database queries may be performed during view rendering. Explicitly configure spring.jpa.open-in-view to disable this warning
2021-02-27 16:23:26.127  INFO 48120 --- [    Test worker] o.s.s.web.DefaultSecurityFilterChain     : Will secure any request with [org.springframework.security.web.context.request.async.WebAsyncManagerIntegrationFilter@9bc2f67, org.springframework.security.web.context.SecurityContextPersistenceFilter@4644d244, org.springframework.security.web.header.HeaderWriterFilter@27357b31, org.springframework.security.web.authentication.logout.LogoutFilter@3bc82660, org.springframework.security.oauth2.client.web.OAuth2AuthorizationRequestRedirectFilter@53f02845, org.springframework.security.oauth2.client.web.OAuth2LoginAuthenticationFilter@16541943, org.springframework.security.web.authentication.ui.DefaultLoginPageGeneratingFilter@65cd6904, org.springframework.security.web.authentication.ui.DefaultLogoutPageGeneratingFilter@71a83a69, org.springframework.security.web.savedrequest.RequestCacheAwareFilter@1a2bb62a, org.springframework.security.web.servletapi.SecurityContextHolderAwareRequestFilter@41f74cff, org.springframework.security.web.authentication.AnonymousAuthenticationFilter@706e2f97, org.springframework.security.web.session.SessionManagementFilter@32810928, org.springframework.security.web.access.ExceptionTranslationFilter@38b5d6db, org.springframework.security.web.access.intercept.FilterSecurityInterceptor@6d42ff4b]
2021-02-27 16:23:26.457  INFO 48120 --- [    Test worker] o.s.s.concurrent.ThreadPoolTaskExecutor  : Initializing ExecutorService 'applicationTaskExecutor'
2021-02-27 16:23:26.511  INFO 48120 --- [    Test worker] o.s.b.a.h2.H2ConsoleAutoConfiguration    : H2 console available at '/h2-console'. Database available at 'jdbc:h2:mem://localhost/~/testdb'
2021-02-27 16:23:26.575  INFO 48120 --- [    Test worker] o.s.b.a.w.s.WelcomePageHandlerMapping    : Adding welcome page template: index
2021-02-27 16:23:26.890  INFO 48120 --- [    Test worker] s.a.ScheduledAnnotationBeanPostProcessor : No TaskScheduler/ScheduledExecutorService bean found for scheduled processing
2021-02-27 16:23:26.899  INFO 48120 --- [    Test worker] org.example.web.dto.PostsRepositoryTest  : Started PostsRepositoryTest in 4.818 seconds (JVM running for 6.07)
Hibernate: insert into posts (created_date, modified_date, author, content, title) values (?, ?, ?, ?, ?)
Hibernate: select posts0_.id as id1_0_, posts0_.created_date as created_2_0_, posts0_.modified_date as modified3_0_, posts0_.author as author4_0_, posts0_.content as content5_0_, posts0_.title as title6_0_ from posts posts0_
>>>>>>>> createDate=2021-02-27T16:23:27.043997modifiedDate=2021-02-27T16:23:27.043997
Hibernate: select posts0_.id as id1_0_, posts0_.created_date as created_2_0_, posts0_.modified_date as modified3_0_, posts0_.author as author4_0_, posts0_.content as content5_0_, posts0_.title as title6_0_ from posts posts0_
Hibernate: delete from posts where id=?
Hibernate: insert into posts (created_date, modified_date, author, content, title) values (?, ?, ?, ?, ?)
Hibernate: select posts0_.id as id1_0_, posts0_.created_date as created_2_0_, posts0_.modified_date as modified3_0_, posts0_.author as author4_0_, posts0_.content as content5_0_, posts0_.title as title6_0_ from posts posts0_
Hibernate: select posts0_.id as id1_0_, posts0_.created_date as created_2_0_, posts0_.modified_date as modified3_0_, posts0_.author as author4_0_, posts0_.content as content5_0_, posts0_.title as title6_0_ from posts posts0_
Hibernate: delete from posts where id=?
]]></system-out>
  <system-err><![CDATA[]]></system-err>
</testsuite>
