<?xml version="1.0" encoding="UTF-8"?>
<testsuite name="org.example.web.PostsApiControllerTest" tests="2" skipped="0" failures="0" errors="0" timestamp="2021-02-28T08:15:47" hostname="seoseunghun-ui-MacBookPro.local" time="0.099">
  <properties/>
  <testcase name="UpdatePostsTest()" classname="org.example.web.PostsApiControllerTest" time="0.077"/>
  <testcase name="setPosts()" classname="org.example.web.PostsApiControllerTest" time="0.021"/>
  <system-out><![CDATA[2021-02-28 17:15:47.852  INFO 55942 --- [    Test worker] .b.t.c.SpringBootTestContextBootstrapper : Neither @ContextConfiguration nor @ContextHierarchy found for test class [org.example.web.PostsApiControllerTest], using SpringBootContextLoader
2021-02-28 17:15:47.852  INFO 55942 --- [    Test worker] o.s.t.c.support.AbstractContextLoader    : Could not detect default resource locations for test class [org.example.web.PostsApiControllerTest]: no resource found for suffixes {-context.xml, Context.groovy}.
2021-02-28 17:15:47.853  INFO 55942 --- [    Test worker] t.c.s.AnnotationConfigContextLoaderUtils : Could not detect default configuration classes for test class [org.example.web.PostsApiControllerTest]: PostsApiControllerTest does not declare any static, non-private, non-final, nested classes annotated with @Configuration.
2021-02-28 17:15:47.854  INFO 55942 --- [    Test worker] .b.t.c.SpringBootTestContextBootstrapper : Found @SpringBootConfiguration org.example.Application for test class org.example.web.PostsApiControllerTest
2021-02-28 17:15:47.855  INFO 55942 --- [    Test worker] .b.t.c.SpringBootTestContextBootstrapper : Loaded default TestExecutionListener class names from location [META-INF/spring.factories]: [org.springframework.security.test.context.support.WithSecurityContextTestExecutionListener, org.springframework.security.test.context.support.ReactorContextTestExecutionListener, org.springframework.boot.test.autoconfigure.restdocs.RestDocsTestExecutionListener, org.springframework.boot.test.autoconfigure.web.client.MockRestServiceServerResetTestExecutionListener, org.springframework.boot.test.autoconfigure.web.servlet.MockMvcPrintOnlyOnFailureTestExecutionListener, org.springframework.boot.test.autoconfigure.web.servlet.WebDriverTestExecutionListener, org.springframework.boot.test.autoconfigure.webservices.client.MockWebServiceServerTestExecutionListener, org.springframework.boot.test.mock.mockito.MockitoTestExecutionListener, org.springframework.boot.test.mock.mockito.ResetMocksTestExecutionListener, org.springframework.test.context.web.ServletTestExecutionListener, org.springframework.test.context.support.DirtiesContextBeforeModesTestExecutionListener, org.springframework.test.context.event.ApplicationEventsTestExecutionListener, org.springframework.test.context.support.DependencyInjectionTestExecutionListener, org.springframework.test.context.support.DirtiesContextTestExecutionListener, org.springframework.test.context.transaction.TransactionalTestExecutionListener, org.springframework.test.context.jdbc.SqlScriptsTestExecutionListener, org.springframework.test.context.event.EventPublishingTestExecutionListener]
2021-02-28 17:15:47.855  INFO 55942 --- [    Test worker] .b.t.c.SpringBootTestContextBootstrapper : Using TestExecutionListeners: [org.springframework.test.context.web.ServletTestExecutionListener@74aa5e81, org.springframework.test.context.support.DirtiesContextBeforeModesTestExecutionListener@2af8a61e, org.springframework.test.context.event.ApplicationEventsTestExecutionListener@75c83fba, org.springframework.boot.test.mock.mockito.MockitoTestExecutionListener@5b75e2c9, org.springframework.boot.test.autoconfigure.SpringBootDependencyInjectionTestExecutionListener@7d8df170, org.springframework.test.context.support.DirtiesContextTestExecutionListener@122a6089, org.springframework.test.context.transaction.TransactionalTestExecutionListener@262bb899, org.springframework.test.context.jdbc.SqlScriptsTestExecutionListener@523c753f, org.springframework.security.test.context.support.WithSecurityContextTestExecutionListener@40280879, org.springframework.test.context.event.EventPublishingTestExecutionListener@14706dd, org.springframework.security.test.context.support.ReactorContextTestExecutionListener@7ad3991c, org.springframework.boot.test.autoconfigure.restdocs.RestDocsTestExecutionListener@4bf78ef4, org.springframework.boot.test.autoconfigure.web.client.MockRestServiceServerResetTestExecutionListener@4b9c3c33, org.springframework.boot.test.autoconfigure.web.servlet.MockMvcPrintOnlyOnFailureTestExecutionListener@72d4ba73, org.springframework.boot.test.autoconfigure.web.servlet.WebDriverTestExecutionListener@1429c64c, org.springframework.boot.test.autoconfigure.webservices.client.MockWebServiceServerTestExecutionListener@63de6a13, org.springframework.boot.test.mock.mockito.ResetMocksTestExecutionListener@4989bfff]
2021-02-28 17:15:47.864  INFO 55942 --- [    Test worker] o.a.c.c.C.[Tomcat].[localhost].[/]       : Initializing Spring TestDispatcherServlet ''
2021-02-28 17:15:47.864  INFO 55942 --- [    Test worker] o.s.t.web.servlet.TestDispatcherServlet  : Initializing Servlet ''
2021-02-28 17:15:47.865  INFO 55942 --- [    Test worker] o.s.t.web.servlet.TestDispatcherServlet  : Completed initialization in 1 ms
Hibernate: insert into posts (created_date, modified_date, author, content, title) values (?, ?, ?, ?, ?)
Hibernate: select posts0_.id as id1_0_0_, posts0_.created_date as created_2_0_0_, posts0_.modified_date as modified3_0_0_, posts0_.author as author4_0_0_, posts0_.content as content5_0_0_, posts0_.title as title6_0_0_ from posts posts0_ where posts0_.id=?
Hibernate: update posts set created_date=?, modified_date=?, author=?, content=?, title=? where id=?
Hibernate: select posts0_.id as id1_0_, posts0_.created_date as created_2_0_, posts0_.modified_date as modified3_0_, posts0_.author as author4_0_, posts0_.content as content5_0_, posts0_.title as title6_0_ from posts posts0_
Hibernate: select posts0_.id as id1_0_, posts0_.created_date as created_2_0_, posts0_.modified_date as modified3_0_, posts0_.author as author4_0_, posts0_.content as content5_0_, posts0_.title as title6_0_ from posts posts0_
Hibernate: delete from posts where id=?
2021-02-28 17:15:47.940  INFO 55942 --- [    Test worker] o.a.c.c.C.[Tomcat].[localhost].[/]       : Initializing Spring TestDispatcherServlet ''
2021-02-28 17:15:47.940  INFO 55942 --- [    Test worker] o.s.t.web.servlet.TestDispatcherServlet  : Initializing Servlet ''
2021-02-28 17:15:47.943  INFO 55942 --- [    Test worker] o.s.t.web.servlet.TestDispatcherServlet  : Completed initialization in 3 ms
Hibernate: insert into posts (created_date, modified_date, author, content, title) values (?, ?, ?, ?, ?)
Hibernate: select posts0_.id as id1_0_, posts0_.created_date as created_2_0_, posts0_.modified_date as modified3_0_, posts0_.author as author4_0_, posts0_.content as content5_0_, posts0_.title as title6_0_ from posts posts0_
Hibernate: select posts0_.id as id1_0_, posts0_.created_date as created_2_0_, posts0_.modified_date as modified3_0_, posts0_.author as author4_0_, posts0_.content as content5_0_, posts0_.title as title6_0_ from posts posts0_
Hibernate: delete from posts where id=?
]]></system-out>
  <system-err><![CDATA[]]></system-err>
</testsuite>
