<?xml version="1.0" encoding="UTF-8"?>
<testsuite name="org.example.web.HelloControllerTest" tests="2" skipped="0" failures="0" errors="0" timestamp="2021-02-28T08:15:46" hostname="seoseunghun-ui-MacBookPro.local" time="0.151">
  <properties/>
  <testcase name="helloTest()" classname="org.example.web.HelloControllerTest" time="0.067"/>
  <testcase name="helloDtoTest()" classname="org.example.web.HelloControllerTest" time="0.083"/>
  <system-out><![CDATA[2021-02-28 17:15:45.543  INFO 55942 --- [    Test worker] .b.t.a.w.s.WebMvcTestContextBootstrapper : Neither @ContextConfiguration nor @ContextHierarchy found for test class [org.example.web.HelloControllerTest], using SpringBootContextLoader
2021-02-28 17:15:45.544  INFO 55942 --- [    Test worker] o.s.t.c.support.AbstractContextLoader    : Could not detect default resource locations for test class [org.example.web.HelloControllerTest]: no resource found for suffixes {-context.xml, Context.groovy}.
2021-02-28 17:15:45.544  INFO 55942 --- [    Test worker] t.c.s.AnnotationConfigContextLoaderUtils : Could not detect default configuration classes for test class [org.example.web.HelloControllerTest]: HelloControllerTest does not declare any static, non-private, non-final, nested classes annotated with @Configuration.
2021-02-28 17:15:45.562  INFO 55942 --- [    Test worker] .b.t.c.SpringBootTestContextBootstrapper : Found @SpringBootConfiguration org.example.Application for test class org.example.web.HelloControllerTest
2021-02-28 17:15:45.563  INFO 55942 --- [    Test worker] .b.t.a.w.s.WebMvcTestContextBootstrapper : Loaded default TestExecutionListener class names from location [META-INF/spring.factories]: [org.springframework.security.test.context.support.WithSecurityContextTestExecutionListener, org.springframework.security.test.context.support.ReactorContextTestExecutionListener, org.springframework.boot.test.autoconfigure.restdocs.RestDocsTestExecutionListener, org.springframework.boot.test.autoconfigure.web.client.MockRestServiceServerResetTestExecutionListener, org.springframework.boot.test.autoconfigure.web.servlet.MockMvcPrintOnlyOnFailureTestExecutionListener, org.springframework.boot.test.autoconfigure.web.servlet.WebDriverTestExecutionListener, org.springframework.boot.test.autoconfigure.webservices.client.MockWebServiceServerTestExecutionListener, org.springframework.boot.test.mock.mockito.MockitoTestExecutionListener, org.springframework.boot.test.mock.mockito.ResetMocksTestExecutionListener, org.springframework.test.context.web.ServletTestExecutionListener, org.springframework.test.context.support.DirtiesContextBeforeModesTestExecutionListener, org.springframework.test.context.event.ApplicationEventsTestExecutionListener, org.springframework.test.context.support.DependencyInjectionTestExecutionListener, org.springframework.test.context.support.DirtiesContextTestExecutionListener, org.springframework.test.context.transaction.TransactionalTestExecutionListener, org.springframework.test.context.jdbc.SqlScriptsTestExecutionListener, org.springframework.test.context.event.EventPublishingTestExecutionListener]
2021-02-28 17:15:45.564  INFO 55942 --- [    Test worker] .b.t.a.w.s.WebMvcTestContextBootstrapper : Using TestExecutionListeners: [org.springframework.test.context.web.ServletTestExecutionListener@1a7f5320, org.springframework.test.context.support.DirtiesContextBeforeModesTestExecutionListener@10489039, org.springframework.test.context.event.ApplicationEventsTestExecutionListener@13ef3434, org.springframework.boot.test.mock.mockito.MockitoTestExecutionListener@2f8d1c14, org.springframework.boot.test.autoconfigure.SpringBootDependencyInjectionTestExecutionListener@4f8bbc96, org.springframework.test.context.support.DirtiesContextTestExecutionListener@1b162406, org.springframework.test.context.transaction.TransactionalTestExecutionListener@7132fdc4, org.springframework.test.context.jdbc.SqlScriptsTestExecutionListener@3698224a, org.springframework.security.test.context.support.WithSecurityContextTestExecutionListener@24e55703, org.springframework.test.context.event.EventPublishingTestExecutionListener@e79618d, org.springframework.security.test.context.support.ReactorContextTestExecutionListener@6843615b, org.springframework.boot.test.autoconfigure.restdocs.RestDocsTestExecutionListener@1fbe846b, org.springframework.boot.test.autoconfigure.web.client.MockRestServiceServerResetTestExecutionListener@116d85d0, org.springframework.boot.test.autoconfigure.web.servlet.MockMvcPrintOnlyOnFailureTestExecutionListener@54ddfb79, org.springframework.boot.test.autoconfigure.web.servlet.WebDriverTestExecutionListener@27671100, org.springframework.boot.test.autoconfigure.webservices.client.MockWebServiceServerTestExecutionListener@4c91545b, org.springframework.boot.test.mock.mockito.ResetMocksTestExecutionListener@31af1b1c]

  .   ____          _            __ _ _
 /\\ / ___'_ __ _ _(_)_ __  __ _ \ \ \ \
( ( )\___ | '_ | '_| | '_ \/ _` | \ \ \ \
 \\/  ___)| |_)| | | | | || (_| |  ) ) ) )
  '  |____| .__|_| |_|_| |_\__, | / / / /
 =========|_|==============|___/=/_/_/_/
 :: Spring Boot ::                (v2.4.2)

2021-02-28 17:15:45.603  INFO 55942 --- [    Test worker] org.example.web.HelloControllerTest      : Starting HelloControllerTest using Java 11.0.10 on seoseunghun-ui-MacBookPro.local with PID 55942 (started by seo in /Users/seo/IdeaProjects/freelec-springboot2-webservice)
2021-02-28 17:15:45.604  INFO 55942 --- [    Test worker] org.example.web.HelloControllerTest      : No active profile set, falling back to default profiles: default
2021-02-28 17:15:45.889  INFO 55942 --- [    Test worker] o.s.s.concurrent.ThreadPoolTaskExecutor  : Initializing ExecutorService 'applicationTaskExecutor'
2021-02-28 17:15:45.923  INFO 55942 --- [    Test worker] o.s.b.a.w.s.WelcomePageHandlerMapping    : Adding welcome page template: index
2021-02-28 17:15:46.130  INFO 55942 --- [    Test worker] o.s.s.web.DefaultSecurityFilterChain     : Will secure any request with [org.springframework.security.web.context.request.async.WebAsyncManagerIntegrationFilter@53f4322f, org.springframework.security.web.context.SecurityContextPersistenceFilter@71578cd2, org.springframework.security.web.header.HeaderWriterFilter@662f8c12, org.springframework.security.web.csrf.CsrfFilter@2ff42aba, org.springframework.security.web.authentication.logout.LogoutFilter@41e6bdcc, org.springframework.security.oauth2.client.web.OAuth2AuthorizationRequestRedirectFilter@67f5a66b, org.springframework.security.oauth2.client.web.OAuth2AuthorizationRequestRedirectFilter@759a44db, org.springframework.security.oauth2.client.web.OAuth2LoginAuthenticationFilter@1fb62f1b, org.springframework.security.web.authentication.ui.DefaultLoginPageGeneratingFilter@69d830a, org.springframework.security.web.authentication.ui.DefaultLogoutPageGeneratingFilter@673953b6, org.springframework.security.web.savedrequest.RequestCacheAwareFilter@1feb1ae0, org.springframework.security.web.servletapi.SecurityContextHolderAwareRequestFilter@53e4a13, org.springframework.security.web.authentication.AnonymousAuthenticationFilter@7c312796, org.springframework.security.oauth2.client.web.OAuth2AuthorizationCodeGrantFilter@4c552682, org.springframework.security.web.session.SessionManagementFilter@765ffe53, org.springframework.security.web.access.ExceptionTranslationFilter@6800da52, org.springframework.security.web.access.intercept.FilterSecurityInterceptor@37d9a367]
2021-02-28 17:15:46.193  INFO 55942 --- [    Test worker] o.s.b.t.m.w.SpringBootMockServletContext : Initializing Spring TestDispatcherServlet ''
2021-02-28 17:15:46.193  INFO 55942 --- [    Test worker] o.s.t.web.servlet.TestDispatcherServlet  : Initializing Servlet ''
2021-02-28 17:15:46.194  INFO 55942 --- [    Test worker] o.s.t.web.servlet.TestDispatcherServlet  : Completed initialization in 0 ms
2021-02-28 17:15:46.205  INFO 55942 --- [    Test worker] org.example.web.HelloControllerTest      : Started HelloControllerTest in 0.639 seconds (JVM running for 6.866)
]]></system-out>
  <system-err><![CDATA[]]></system-err>
</testsuite>
