<?xml version="1.0" encoding="UTF-8"?>
<testsuite name="org.example.web.IndexControllerTest" tests="1" skipped="0" failures="0" errors="0" timestamp="2021-02-27T07:23:29" hostname="seoseunghun-ui-MacBookPro.local" time="0.182">
  <properties/>
  <testcase name="mainPageLoading()" classname="org.example.web.IndexControllerTest" time="0.182"/>
  <system-out><![CDATA[2021-02-27 16:23:27.998  INFO 48120 --- [    Test worker] .b.t.c.SpringBootTestContextBootstrapper : Neither @ContextConfiguration nor @ContextHierarchy found for test class [org.example.web.IndexControllerTest], using SpringBootContextLoader
2021-02-27 16:23:27.999  INFO 48120 --- [    Test worker] o.s.t.c.support.AbstractContextLoader    : Could not detect default resource locations for test class [org.example.web.IndexControllerTest]: no resource found for suffixes {-context.xml, Context.groovy}.
2021-02-27 16:23:27.999  INFO 48120 --- [    Test worker] t.c.s.AnnotationConfigContextLoaderUtils : Could not detect default configuration classes for test class [org.example.web.IndexControllerTest]: IndexControllerTest does not declare any static, non-private, non-final, nested classes annotated with @Configuration.
2021-02-27 16:23:28.000  INFO 48120 --- [    Test worker] .b.t.c.SpringBootTestContextBootstrapper : Found @SpringBootConfiguration org.example.Application for test class org.example.web.IndexControllerTest
2021-02-27 16:23:28.002  INFO 48120 --- [    Test worker] .b.t.c.SpringBootTestContextBootstrapper : Loaded default TestExecutionListener class names from location [META-INF/spring.factories]: [org.springframework.security.test.context.support.WithSecurityContextTestExecutionListener, org.springframework.security.test.context.support.ReactorContextTestExecutionListener, org.springframework.boot.test.autoconfigure.restdocs.RestDocsTestExecutionListener, org.springframework.boot.test.autoconfigure.web.client.MockRestServiceServerResetTestExecutionListener, org.springframework.boot.test.autoconfigure.web.servlet.MockMvcPrintOnlyOnFailureTestExecutionListener, org.springframework.boot.test.autoconfigure.web.servlet.WebDriverTestExecutionListener, org.springframework.boot.test.autoconfigure.webservices.client.MockWebServiceServerTestExecutionListener, org.springframework.boot.test.mock.mockito.MockitoTestExecutionListener, org.springframework.boot.test.mock.mockito.ResetMocksTestExecutionListener, org.springframework.test.context.web.ServletTestExecutionListener, org.springframework.test.context.support.DirtiesContextBeforeModesTestExecutionListener, org.springframework.test.context.event.ApplicationEventsTestExecutionListener, org.springframework.test.context.support.DependencyInjectionTestExecutionListener, org.springframework.test.context.support.DirtiesContextTestExecutionListener, org.springframework.test.context.transaction.TransactionalTestExecutionListener, org.springframework.test.context.jdbc.SqlScriptsTestExecutionListener, org.springframework.test.context.event.EventPublishingTestExecutionListener]
2021-02-27 16:23:28.002  INFO 48120 --- [    Test worker] .b.t.c.SpringBootTestContextBootstrapper : Using TestExecutionListeners: [org.springframework.test.context.web.ServletTestExecutionListener@11c6e96, org.springframework.test.context.support.DirtiesContextBeforeModesTestExecutionListener@6fb7d83e, org.springframework.test.context.event.ApplicationEventsTestExecutionListener@15ec9cba, org.springframework.boot.test.mock.mockito.MockitoTestExecutionListener@3467a2f6, org.springframework.boot.test.autoconfigure.SpringBootDependencyInjectionTestExecutionListener@56ed1232, org.springframework.test.context.support.DirtiesContextTestExecutionListener@7ca56f9, org.springframework.test.context.transaction.TransactionalTestExecutionListener@763203f6, org.springframework.test.context.jdbc.SqlScriptsTestExecutionListener@7f4b6fd4, org.springframework.security.test.context.support.WithSecurityContextTestExecutionListener@41899e8d, org.springframework.test.context.event.EventPublishingTestExecutionListener@142165db, org.springframework.security.test.context.support.ReactorContextTestExecutionListener@72eaf91a, org.springframework.boot.test.autoconfigure.restdocs.RestDocsTestExecutionListener@56fb1d5c, org.springframework.boot.test.autoconfigure.web.client.MockRestServiceServerResetTestExecutionListener@5b0b8cf8, org.springframework.boot.test.autoconfigure.web.servlet.MockMvcPrintOnlyOnFailureTestExecutionListener@441b35ff, org.springframework.boot.test.autoconfigure.web.servlet.WebDriverTestExecutionListener@619c364f, org.springframework.boot.test.autoconfigure.webservices.client.MockWebServiceServerTestExecutionListener@6f83c6dd, org.springframework.boot.test.mock.mockito.ResetMocksTestExecutionListener@68e8fb99]

  .   ____          _            __ _ _
 /\\ / ___'_ __ _ _(_)_ __  __ _ \ \ \ \
( ( )\___ | '_ | '_| | '_ \/ _` | \ \ \ \
 \\/  ___)| |_)| | | | | || (_| |  ) ) ) )
  '  |____| .__|_| |_|_| |_\__, | / / / /
 =========|_|==============|___/=/_/_/_/
 :: Spring Boot ::                (v2.4.2)

2021-02-27 16:23:28.027  INFO 48120 --- [    Test worker] org.example.web.IndexControllerTest      : Starting IndexControllerTest using Java 11.0.10 on seoseunghun-ui-MacBookPro.local with PID 48120 (started by seo in /Users/seo/IdeaProjects/freelec-springboot2-webservice)
2021-02-27 16:23:28.028  INFO 48120 --- [    Test worker] org.example.web.IndexControllerTest      : No active profile set, falling back to default profiles: default
2021-02-27 16:23:28.178  INFO 48120 --- [    Test worker] .s.d.r.c.RepositoryConfigurationDelegate : Bootstrapping Spring Data JPA repositories in DEFAULT mode.
2021-02-27 16:23:28.189  INFO 48120 --- [    Test worker] .s.d.r.c.RepositoryConfigurationDelegate : Finished Spring Data repository scanning in 10 ms. Found 2 JPA repository interfaces.
2021-02-27 16:23:28.441  INFO 48120 --- [    Test worker] o.s.b.w.embedded.tomcat.TomcatWebServer  : Tomcat initialized with port(s): 0 (http)
2021-02-27 16:23:28.453  INFO 48120 --- [    Test worker] o.apache.catalina.core.StandardService   : Starting service [Tomcat]
2021-02-27 16:23:28.453  INFO 48120 --- [    Test worker] org.apache.catalina.core.StandardEngine  : Starting Servlet engine: [Apache Tomcat/9.0.41]
2021-02-27 16:23:28.559  INFO 48120 --- [    Test worker] o.a.c.c.C.[Tomcat].[localhost].[/]       : Initializing Spring embedded WebApplicationContext
2021-02-27 16:23:28.560  INFO 48120 --- [    Test worker] w.s.c.ServletWebServerApplicationContext : Root WebApplicationContext: initialization completed in 530 ms
2021-02-27 16:23:28.593  INFO 48120 --- [    Test worker] com.zaxxer.hikari.HikariDataSource       : HikariPool-2 - Starting...
2021-02-27 16:23:28.594  INFO 48120 --- [    Test worker] com.zaxxer.hikari.HikariDataSource       : HikariPool-2 - Start completed.
2021-02-27 16:23:28.594  INFO 48120 --- [    Test worker] o.s.b.a.h2.H2ConsoleAutoConfiguration    : H2 console available at '/h2-console'. Database available at 'jdbc:h2:mem://localhost/~/testdb'
2021-02-27 16:23:28.703  INFO 48120 --- [    Test worker] o.hibernate.jpa.internal.util.LogHelper  : HHH000204: Processing PersistenceUnitInfo [name: default]
2021-02-27 16:23:28.710  INFO 48120 --- [    Test worker] org.hibernate.dialect.Dialect            : HHH000400: Using dialect: org.hibernate.dialect.MySQL5InnoDBDialect
Hibernate: drop table if exists posts
Hibernate: drop table if exists user
Hibernate: create table posts (id bigint not null auto_increment, created_date datetime, modified_date datetime, author varchar(255), content TEXT not null, title varchar(500) not null, primary key (id)) engine=InnoDB
Hibernate: create table user (id bigint not null auto_increment, created_date datetime, modified_date datetime, email varchar(255) not null, name varchar(255) not null, picture varchar(255), role varchar(255) not null, primary key (id)) engine=InnoDB
2021-02-27 16:23:28.771  INFO 48120 --- [    Test worker] o.h.e.t.j.p.i.JtaPlatformInitiator       : HHH000490: Using JtaPlatform implementation: [org.hibernate.engine.transaction.jta.platform.internal.NoJtaPlatform]
2021-02-27 16:23:28.771  INFO 48120 --- [    Test worker] j.LocalContainerEntityManagerFactoryBean : Initialized JPA EntityManagerFactory for persistence unit 'default'
2021-02-27 16:23:28.997  WARN 48120 --- [    Test worker] JpaBaseConfiguration$JpaWebConfiguration : spring.jpa.open-in-view is enabled by default. Therefore, database queries may be performed during view rendering. Explicitly configure spring.jpa.open-in-view to disable this warning
2021-02-27 16:23:29.214  INFO 48120 --- [    Test worker] o.s.s.web.DefaultSecurityFilterChain     : Will secure any request with [org.springframework.security.web.context.request.async.WebAsyncManagerIntegrationFilter@2390e136, org.springframework.security.web.context.SecurityContextPersistenceFilter@283e0296, org.springframework.security.web.header.HeaderWriterFilter@7222a86d, org.springframework.security.web.authentication.logout.LogoutFilter@1fe2cfc0, org.springframework.security.oauth2.client.web.OAuth2AuthorizationRequestRedirectFilter@232e7d05, org.springframework.security.oauth2.client.web.OAuth2LoginAuthenticationFilter@35617b05, org.springframework.security.web.authentication.ui.DefaultLoginPageGeneratingFilter@75bf702a, org.springframework.security.web.authentication.ui.DefaultLogoutPageGeneratingFilter@a2bfd09, org.springframework.security.web.savedrequest.RequestCacheAwareFilter@27d2b9f1, org.springframework.security.web.servletapi.SecurityContextHolderAwareRequestFilter@40d40ca6, org.springframework.security.web.authentication.AnonymousAuthenticationFilter@5a3d7f1c, org.springframework.security.web.session.SessionManagementFilter@6f8b5aac, org.springframework.security.web.access.ExceptionTranslationFilter@5eca252d, org.springframework.security.web.access.intercept.FilterSecurityInterceptor@28803247]
2021-02-27 16:23:29.301  INFO 48120 --- [    Test worker] o.s.s.concurrent.ThreadPoolTaskExecutor  : Initializing ExecutorService 'applicationTaskExecutor'
2021-02-27 16:23:29.329  INFO 48120 --- [    Test worker] o.s.b.a.w.s.WelcomePageHandlerMapping    : Adding welcome page template: index
2021-02-27 16:23:29.496  INFO 48120 --- [    Test worker] o.s.b.w.embedded.tomcat.TomcatWebServer  : Tomcat started on port(s): 55218 (http) with context path ''
2021-02-27 16:23:29.499  INFO 48120 --- [    Test worker] s.a.ScheduledAnnotationBeanPostProcessor : No TaskScheduler/ScheduledExecutorService bean found for scheduled processing
2021-02-27 16:23:29.500  INFO 48120 --- [    Test worker] org.example.web.IndexControllerTest      : Started IndexControllerTest in 1.496 seconds (JVM running for 8.671)
2021-02-27 16:23:29.604  INFO 48120 --- [o-auto-1-exec-1] o.a.c.c.C.[Tomcat].[localhost].[/]       : Initializing Spring DispatcherServlet 'dispatcherServlet'
2021-02-27 16:23:29.604  INFO 48120 --- [o-auto-1-exec-1] o.s.web.servlet.DispatcherServlet        : Initializing Servlet 'dispatcherServlet'
2021-02-27 16:23:29.605  INFO 48120 --- [o-auto-1-exec-1] o.s.web.servlet.DispatcherServlet        : Completed initialization in 1 ms
Hibernate: select posts0_.id as id1_0_, posts0_.created_date as created_2_0_, posts0_.modified_date as modified3_0_, posts0_.author as author4_0_, posts0_.content as content5_0_, posts0_.title as title6_0_ from posts posts0_ order by posts0_.id desc
]]></system-out>
  <system-err><![CDATA[]]></system-err>
</testsuite>
