<?xml version="1.0" encoding="UTF-8"?>
<testsuite name="org.example.web.dto.PostsRepositoryTest" tests="2" skipped="0" failures="0" errors="0" timestamp="2021-02-28T08:15:45" hostname="seoseunghun-ui-MacBookPro.local" time="0.313">
  <properties/>
  <testcase name="setBaseTimeEntity()" classname="org.example.web.dto.PostsRepositoryTest" time="0.288"/>
  <testcase name="getPosts()" classname="org.example.web.dto.PostsRepositoryTest" time="0.023"/>
  <system-out><![CDATA[17:15:40.077 [Test worker] DEBUG org.springframework.test.context.BootstrapUtils - Instantiating CacheAwareContextLoaderDelegate from class [org.springframework.test.context.cache.DefaultCacheAwareContextLoaderDelegate]
17:15:40.092 [Test worker] DEBUG org.springframework.test.context.BootstrapUtils - Instantiating BootstrapContext using constructor [public org.springframework.test.context.support.DefaultBootstrapContext(java.lang.Class,org.springframework.test.context.CacheAwareContextLoaderDelegate)]
17:15:40.139 [Test worker] DEBUG org.springframework.test.context.BootstrapUtils - Instantiating TestContextBootstrapper for test class [org.example.web.dto.PostsRepositoryTest] from class [org.springframework.boot.test.context.SpringBootTestContextBootstrapper]
17:15:40.153 [Test worker] INFO org.springframework.boot.test.context.SpringBootTestContextBootstrapper - Neither @ContextConfiguration nor @ContextHierarchy found for test class [org.example.web.dto.PostsRepositoryTest], using SpringBootContextLoader
17:15:40.158 [Test worker] DEBUG org.springframework.test.context.support.AbstractContextLoader - Did not detect default resource location for test class [org.example.web.dto.PostsRepositoryTest]: class path resource [org/example/web/dto/PostsRepositoryTest-context.xml] does not exist
17:15:40.158 [Test worker] DEBUG org.springframework.test.context.support.AbstractContextLoader - Did not detect default resource location for test class [org.example.web.dto.PostsRepositoryTest]: class path resource [org/example/web/dto/PostsRepositoryTestContext.groovy] does not exist
17:15:40.158 [Test worker] INFO org.springframework.test.context.support.AbstractContextLoader - Could not detect default resource locations for test class [org.example.web.dto.PostsRepositoryTest]: no resource found for suffixes {-context.xml, Context.groovy}.
17:15:40.159 [Test worker] INFO org.springframework.test.context.support.AnnotationConfigContextLoaderUtils - Could not detect default configuration classes for test class [org.example.web.dto.PostsRepositoryTest]: PostsRepositoryTest does not declare any static, non-private, non-final, nested classes annotated with @Configuration.
17:15:40.200 [Test worker] DEBUG org.springframework.test.context.support.ActiveProfilesUtils - Could not find an 'annotation declaring class' for annotation type [org.springframework.test.context.ActiveProfiles] and class [org.example.web.dto.PostsRepositoryTest]
17:15:40.271 [Test worker] DEBUG org.springframework.context.annotation.ClassPathScanningCandidateComponentProvider - Identified candidate component class: file [/Users/seo/IdeaProjects/freelec-springboot2-webservice/build/classes/java/main/org/example/Application.class]
17:15:40.272 [Test worker] INFO org.springframework.boot.test.context.SpringBootTestContextBootstrapper - Found @SpringBootConfiguration org.example.Application for test class org.example.web.dto.PostsRepositoryTest
17:15:40.358 [Test worker] DEBUG org.springframework.boot.test.context.SpringBootTestContextBootstrapper - @TestExecutionListeners is not present for class [org.example.web.dto.PostsRepositoryTest]: using defaults.
17:15:40.358 [Test worker] INFO org.springframework.boot.test.context.SpringBootTestContextBootstrapper - Loaded default TestExecutionListener class names from location [META-INF/spring.factories]: [org.springframework.security.test.context.support.WithSecurityContextTestExecutionListener, org.springframework.security.test.context.support.ReactorContextTestExecutionListener, org.springframework.boot.test.autoconfigure.restdocs.RestDocsTestExecutionListener, org.springframework.boot.test.autoconfigure.web.client.MockRestServiceServerResetTestExecutionListener, org.springframework.boot.test.autoconfigure.web.servlet.MockMvcPrintOnlyOnFailureTestExecutionListener, org.springframework.boot.test.autoconfigure.web.servlet.WebDriverTestExecutionListener, org.springframework.boot.test.autoconfigure.webservices.client.MockWebServiceServerTestExecutionListener, org.springframework.boot.test.mock.mockito.MockitoTestExecutionListener, org.springframework.boot.test.mock.mockito.ResetMocksTestExecutionListener, org.springframework.test.context.web.ServletTestExecutionListener, org.springframework.test.context.support.DirtiesContextBeforeModesTestExecutionListener, org.springframework.test.context.event.ApplicationEventsTestExecutionListener, org.springframework.test.context.support.DependencyInjectionTestExecutionListener, org.springframework.test.context.support.DirtiesContextTestExecutionListener, org.springframework.test.context.transaction.TransactionalTestExecutionListener, org.springframework.test.context.jdbc.SqlScriptsTestExecutionListener, org.springframework.test.context.event.EventPublishingTestExecutionListener]
17:15:40.380 [Test worker] INFO org.springframework.boot.test.context.SpringBootTestContextBootstrapper - Using TestExecutionListeners: [org.springframework.test.context.web.ServletTestExecutionListener@1f8cd720, org.springframework.test.context.support.DirtiesContextBeforeModesTestExecutionListener@22b11bde, org.springframework.test.context.event.ApplicationEventsTestExecutionListener@226d0bc, org.springframework.boot.test.mock.mockito.MockitoTestExecutionListener@7e9375f7, org.springframework.boot.test.autoconfigure.SpringBootDependencyInjectionTestExecutionListener@7df88d2, org.springframework.test.context.support.DirtiesContextTestExecutionListener@2d1a1c1c, org.springframework.test.context.transaction.TransactionalTestExecutionListener@198d8a33, org.springframework.test.context.jdbc.SqlScriptsTestExecutionListener@7cd47838, org.springframework.security.test.context.support.WithSecurityContextTestExecutionListener@736f668, org.springframework.test.context.event.EventPublishingTestExecutionListener@7a31f06e, org.springframework.security.test.context.support.ReactorContextTestExecutionListener@f982109, org.springframework.boot.test.autoconfigure.restdocs.RestDocsTestExecutionListener@50529d7a, org.springframework.boot.test.autoconfigure.web.client.MockRestServiceServerResetTestExecutionListener@6067a4ae, org.springframework.boot.test.autoconfigure.web.servlet.MockMvcPrintOnlyOnFailureTestExecutionListener@15a08a4c, org.springframework.boot.test.autoconfigure.web.servlet.WebDriverTestExecutionListener@5b7e6198, org.springframework.boot.test.autoconfigure.webservices.client.MockWebServiceServerTestExecutionListener@1f038ec0, org.springframework.boot.test.mock.mockito.ResetMocksTestExecutionListener@429c1b5a]
17:15:40.384 [Test worker] DEBUG org.springframework.test.context.support.AbstractDirtiesContextTestExecutionListener - Before test class: context [DefaultTestContext@2e34d988 testClass = PostsRepositoryTest, testInstance = [null], testMethod = [null], testException = [null], mergedContextConfiguration = [WebMergedContextConfiguration@39cff42f testClass = PostsRepositoryTest, locations = '{}', classes = '{class org.example.Application}', contextInitializerClasses = '[]', activeProfiles = '{}', propertySourceLocations = '{}', propertySourceProperties = '{org.springframework.boot.test.context.SpringBootTestContextBootstrapper=true}', contextCustomizers = set[org.springframework.boot.test.autoconfigure.actuate.metrics.MetricsExportContextCustomizerFactory$DisableMetricExportContextCustomizer@566669e2, org.springframework.boot.test.autoconfigure.properties.PropertyMappingContextCustomizer@0, org.springframework.boot.test.autoconfigure.web.servlet.WebDriverContextCustomizerFactory$Customizer@40cc5f26, org.springframework.boot.test.context.filter.ExcludeFilterContextCustomizer@17db8f08, org.springframework.boot.test.json.DuplicateJsonObjectContextCustomizerFactory$DuplicateJsonObjectContextCustomizer@27975193, org.springframework.boot.test.mock.mockito.MockitoContextCustomizer@0, org.springframework.boot.test.web.client.TestRestTemplateContextCustomizer@ff67cc4, org.springframework.boot.test.context.SpringBootTestArgs@1, org.springframework.boot.test.context.SpringBootTestWebEnvironment@8c594e9], resourceBasePath = 'src/main/webapp', contextLoader = 'org.springframework.boot.test.context.SpringBootContextLoader', parent = [null]], attributes = map['org.springframework.test.context.web.ServletTestExecutionListener.activateListener' -> true]], class annotated with @DirtiesContext [false] with mode [null].
17:15:40.426 [Test worker] DEBUG org.springframework.test.context.support.TestPropertySourceUtils - Adding inlined properties to environment: {spring.jmx.enabled=false, org.springframework.boot.test.context.SpringBootTestContextBootstrapper=true}

  .   ____          _            __ _ _
 /\\ / ___'_ __ _ _(_)_ __  __ _ \ \ \ \
( ( )\___ | '_ | '_| | '_ \/ _` | \ \ \ \
 \\/  ___)| |_)| | | | | || (_| |  ) ) ) )
  '  |____| .__|_| |_|_| |_\__, | / / / /
 =========|_|==============|___/=/_/_/_/
 :: Spring Boot ::                (v2.4.2)

2021-02-28 17:15:40.679  INFO 55942 --- [    Test worker] org.example.web.dto.PostsRepositoryTest  : Starting PostsRepositoryTest using Java 11.0.10 on seoseunghun-ui-MacBookPro.local with PID 55942 (started by seo in /Users/seo/IdeaProjects/freelec-springboot2-webservice)
2021-02-28 17:15:40.681  INFO 55942 --- [    Test worker] org.example.web.dto.PostsRepositoryTest  : No active profile set, falling back to default profiles: default
2021-02-28 17:15:41.480  INFO 55942 --- [    Test worker] .s.d.r.c.RepositoryConfigurationDelegate : Bootstrapping Spring Data JPA repositories in DEFAULT mode.
2021-02-28 17:15:41.548  INFO 55942 --- [    Test worker] .s.d.r.c.RepositoryConfigurationDelegate : Finished Spring Data repository scanning in 57 ms. Found 2 JPA repository interfaces.
2021-02-28 17:15:42.180  INFO 55942 --- [    Test worker] com.zaxxer.hikari.HikariDataSource       : HikariPool-1 - Starting...
2021-02-28 17:15:42.389  INFO 55942 --- [    Test worker] com.zaxxer.hikari.HikariDataSource       : HikariPool-1 - Start completed.
2021-02-28 17:15:42.469  INFO 55942 --- [    Test worker] o.hibernate.jpa.internal.util.LogHelper  : HHH000204: Processing PersistenceUnitInfo [name: default]
2021-02-28 17:15:42.551  INFO 55942 --- [    Test worker] org.hibernate.Version                    : HHH000412: Hibernate ORM core version 5.4.27.Final
2021-02-28 17:15:42.708  INFO 55942 --- [    Test worker] o.hibernate.annotations.common.Version   : HCANN000001: Hibernate Commons Annotations {5.1.2.Final}
2021-02-28 17:15:42.822  INFO 55942 --- [    Test worker] org.hibernate.dialect.Dialect            : HHH000400: Using dialect: org.hibernate.dialect.MySQL5InnoDBDialect
Hibernate: drop table if exists posts
Hibernate: drop table if exists user
Hibernate: create table posts (id bigint not null auto_increment, created_date datetime, modified_date datetime, author varchar(255), content TEXT not null, title varchar(500) not null, primary key (id)) engine=InnoDB
Hibernate: create table user (id bigint not null auto_increment, created_date datetime, modified_date datetime, email varchar(255) not null, name varchar(255) not null, picture varchar(255), role varchar(255) not null, primary key (id)) engine=InnoDB
2021-02-28 17:15:43.420  INFO 55942 --- [    Test worker] o.h.e.t.j.p.i.JtaPlatformInitiator       : HHH000490: Using JtaPlatform implementation: [org.hibernate.engine.transaction.jta.platform.internal.NoJtaPlatform]
2021-02-28 17:15:43.430  INFO 55942 --- [    Test worker] j.LocalContainerEntityManagerFactoryBean : Initialized JPA EntityManagerFactory for persistence unit 'default'
2021-02-28 17:15:43.887  WARN 55942 --- [    Test worker] JpaBaseConfiguration$JpaWebConfiguration : spring.jpa.open-in-view is enabled by default. Therefore, database queries may be performed during view rendering. Explicitly configure spring.jpa.open-in-view to disable this warning
2021-02-28 17:15:44.365  INFO 55942 --- [    Test worker] o.s.s.web.DefaultSecurityFilterChain     : Will secure any request with [org.springframework.security.web.context.request.async.WebAsyncManagerIntegrationFilter@5f5213bd, org.springframework.security.web.context.SecurityContextPersistenceFilter@162e515b, org.springframework.security.web.header.HeaderWriterFilter@7bd77e76, org.springframework.security.web.authentication.logout.LogoutFilter@4f4e3687, org.springframework.security.oauth2.client.web.OAuth2AuthorizationRequestRedirectFilter@6b3b95cc, org.springframework.security.oauth2.client.web.OAuth2LoginAuthenticationFilter@169613f3, org.springframework.security.web.authentication.ui.DefaultLoginPageGeneratingFilter@12612b01, org.springframework.security.web.authentication.ui.DefaultLogoutPageGeneratingFilter@7d1f1c8c, org.springframework.security.web.savedrequest.RequestCacheAwareFilter@6904c9b6, org.springframework.security.web.servletapi.SecurityContextHolderAwareRequestFilter@f0adb89, org.springframework.security.web.authentication.AnonymousAuthenticationFilter@424e39f, org.springframework.security.web.session.SessionManagementFilter@79361edf, org.springframework.security.web.access.ExceptionTranslationFilter@2fb2e76b, org.springframework.security.web.access.intercept.FilterSecurityInterceptor@222b87e9]
2021-02-28 17:15:44.744  INFO 55942 --- [    Test worker] o.s.s.concurrent.ThreadPoolTaskExecutor  : Initializing ExecutorService 'applicationTaskExecutor'
2021-02-28 17:15:44.800  INFO 55942 --- [    Test worker] o.s.b.a.h2.H2ConsoleAutoConfiguration    : H2 console available at '/h2-console'. Database available at 'jdbc:h2:mem://localhost/~/testdb'
2021-02-28 17:15:44.866  INFO 55942 --- [    Test worker] o.s.b.a.w.s.WelcomePageHandlerMapping    : Adding welcome page template: index
2021-02-28 17:15:45.181  INFO 55942 --- [    Test worker] s.a.ScheduledAnnotationBeanPostProcessor : No TaskScheduler/ScheduledExecutorService bean found for scheduled processing
2021-02-28 17:15:45.192  INFO 55942 --- [    Test worker] org.example.web.dto.PostsRepositoryTest  : Started PostsRepositoryTest in 4.757 seconds (JVM running for 5.852)
Hibernate: insert into posts (created_date, modified_date, author, content, title) values (?, ?, ?, ?, ?)
Hibernate: select posts0_.id as id1_0_, posts0_.created_date as created_2_0_, posts0_.modified_date as modified3_0_, posts0_.author as author4_0_, posts0_.content as content5_0_, posts0_.title as title6_0_ from posts posts0_
>>>>>>>> createDate=2021-02-28T17:15:45.338590modifiedDate=2021-02-28T17:15:45.338590
Hibernate: select posts0_.id as id1_0_, posts0_.created_date as created_2_0_, posts0_.modified_date as modified3_0_, posts0_.author as author4_0_, posts0_.content as content5_0_, posts0_.title as title6_0_ from posts posts0_
Hibernate: delete from posts where id=?
Hibernate: insert into posts (created_date, modified_date, author, content, title) values (?, ?, ?, ?, ?)
Hibernate: select posts0_.id as id1_0_, posts0_.created_date as created_2_0_, posts0_.modified_date as modified3_0_, posts0_.author as author4_0_, posts0_.content as content5_0_, posts0_.title as title6_0_ from posts posts0_
Hibernate: select posts0_.id as id1_0_, posts0_.created_date as created_2_0_, posts0_.modified_date as modified3_0_, posts0_.author as author4_0_, posts0_.content as content5_0_, posts0_.title as title6_0_ from posts posts0_
Hibernate: delete from posts where id=?
]]></system-out>
  <system-err><![CDATA[]]></system-err>
</testsuite>
